--- ADD --- [ 2025-05-01 02:24:46 ] --------> config
CONNECTED TO REDIS SERVER!
--- UPD --- [ 2025-05-01 02:25:01 ] --------> config
CONNECTED TO REDIS SERVER!
--- ADD --- [ 2025-05-01 02:25:28 ] --------> /definitions/api.js
CONNECTED TO REDIS SERVER!
--- UPD --- [ 2025-05-01 02:43:56 ] --------> /definitions/api.js
CONNECTED TO REDIS SERVER!
--- UPD --- [ 2025-05-01 02:44:02 ] --------> /definitions/api.js
CONNECTED TO REDIS SERVER!
--- UPD --- [ 2025-05-01 02:45:59 ] --------> /definitions/api.js
CONNECTED TO REDIS SERVER!
--- UPD --- [ 2025-05-01 02:46:43 ] --------> /definitions/api.js
CONNECTED TO REDIS SERVER!
--- UPD --- [ 2025-05-01 02:47:49 ] --------> config
CONNECTED TO REDIS SERVER!
--- UPD --- [ 2025-05-01 02:49:09 ] --------> /definitions/api.js
CONNECTED TO REDIS SERVER!
--- UPD --- [ 2025-05-01 02:49:39 ] --------> /definitions/service.js
CONNECTED TO REDIS SERVER!
--- UPD --- [ 2025-05-01 02:50:43 ] --------> /definitions/service.js
CONNECTED TO REDIS SERVER!
--- UPD --- [ 2025-05-01 02:54:53 ] --------> /definitions/service.js
CONNECTED TO REDIS SERVER!
--- UPD --- [ 2025-05-01 02:54:57 ] --------> /definitions/service.js
CONNECTED TO REDIS SERVER!
--- UPD --- [ 2025-05-01 03:02:37 ] --------> /definitions/service.js
ERROR ======= 2025-05-01 03:02:38: ReferenceError ---> ReferenceError: APICALL is not defined ReferenceError: APICALL is not defined
    at Framework.<anonymous> (/www/www/muald_com-recommendation/definitions/service.js:212:22)
    at global.EMIT (/www/node_modules/total4/index.js:2911:11)
    at Timeout._onTimeout (/www/node_modules/total4/index.js:8442:7)
    at listOnTimeout (node:internal/timers:559:17)
    at processTimers (node:internal/timers:502:7)
CONNECTED TO REDIS SERVER!
--- UPD --- [ 2025-05-01 03:03:11 ] --------> /definitions/service.js
ERROR ======= 2025-05-01 03:03:13: ReferenceError ---> ReferenceError: APICALL is not defined ReferenceError: APICALL is not defined
    at Framework.<anonymous> (/www/www/muald_com-recommendation/definitions/service.js:212:22)
    at global.EMIT (/www/node_modules/total4/index.js:2911:11)
    at Timeout._onTimeout (/www/node_modules/total4/index.js:8442:7)
    at listOnTimeout (node:internal/timers:559:17)
    at processTimers (node:internal/timers:502:7)
CONNECTED TO REDIS SERVER!
--- UPD --- [ 2025-05-01 03:05:22 ] --------> /definitions/api.js
ReferenceError: globall is not defined
    at Object.<anonymous> (/www/www/muald_com-recommendation/definitions/api.js:54:1)
    at Module._compile (node:internal/modules/cjs/loader:1198:14)
    at Object.Module._extensions..js (node:internal/modules/cjs/loader:1252:10)
    at Module.load (node:internal/modules/cjs/loader:1076:32)
    at Function.Module._load (node:internal/modules/cjs/loader:911:12)
    at Module.require (node:internal/modules/cjs/loader:1100:19)
    at require (node:internal/modules/cjs/helpers:119:18)
    at install (/www/node_modules/total4/index.js:6594:10)
    at /www/node_modules/total4/index.js:6111:50
    at Array.AP.async (/www/node_modules/total4/utils.js:5447:3)
ERROR ======= 2025-05-01 03:05:23: ReferenceError ---> ReferenceError: globall is not defined ReferenceError: globall is not defined
    at Object.<anonymous> (/www/www/muald_com-recommendation/definitions/api.js:54:1)
    at Module._compile (node:internal/modules/cjs/loader:1198:14)
    at Object.Module._extensions..js (node:internal/modules/cjs/loader:1252:10)
    at Module.load (node:internal/modules/cjs/loader:1076:32)
    at Function.Module._load (node:internal/modules/cjs/loader:911:12)
    at Module.require (node:internal/modules/cjs/loader:1100:19)
    at require (node:internal/modules/cjs/helpers:119:18)
    at install (/www/node_modules/total4/index.js:6594:10)
    at /www/node_modules/total4/index.js:6111:50
    at Array.AP.async (/www/node_modules/total4/utils.js:5447:3)
--- UPD --- [ 2025-05-01 03:05:31 ] --------> /definitions/api.js
CONNECTED TO REDIS SERVER!
{}
--- UPD --- [ 2025-05-01 03:06:48 ] --------> /definitions/api.js
Fetching data from:  https://api.muald.com/recommendation/call/?call=Customers/Cart --> usercart&token=9alZxj9ny1irOtjB3mFmkCjaYo9CjaZ6k5x
CONNECTED TO REDIS SERVER!
{}
--- UPD --- [ 2025-05-01 03:08:50 ] --------> /definitions/api.js
Fetching data from:  https://api.muald.com/recommendation/call/?call=Customers/Cart --> usercart&token=9alZxj9ny1irOtjB3mFmkCjaYo9CjaZ6k5x
CONNECTED TO REDIS SERVER!
{}
--- UPD --- [ 2025-05-01 03:11:50 ] --------> /definitions/api.js
Fetching data from:  https://api.muald.com/recommendation/call/?call=Customers/Cart --> usercart&token=9alZxj9ny1irOtjB3mFmkCjaYo9CjaZ6k5x
CONNECTED TO REDIS SERVER!
{}
--- UPD --- [ 2025-05-01 03:12:11 ] --------> /definitions/service.js
Fetching data from:  https://api.muald.com/recommendation/call/?call=Customers/Cart --> usercart&token=9alZxj9ny1irOtjB3mFmkCjaYo9CjaZ6k5x&params=id_1c1jc001ax51d&user=id_1c1jc001ax51d
CONNECTED TO REDIS SERVER!
{}
--- UPD --- [ 2025-05-01 03:14:47 ] --------> /definitions/service.js
Fetching data from:  https://api.muald.com/recommendation/call/?call=Customers/Cart --> usercart&token=9alZxj9ny1irOtjB3mFmkCjaYo9CjaZ6k5x&params=id_1c1jc001ax51d&user=id_1c1jc001ax51d
CONNECTED TO REDIS SERVER!
{
  items: [
    {
      id: '1c1jc001ax51d1dghz001ir51d',
      eshopid: '1chg3001mw51d',
      eshopname: 'City swagg Burkina',
      productname: 'Chapeau note de musique',
      productname_en: 'Chapeau note de musique',
      productid: '1dghz001ir51d',
      variantid: null,
      count: 1,
      dtupdated: 2025-02-17T18:53:50.578Z,
      isvariant: false,
      dtcreated: 2025-01-18T23:30:51.236Z,
      product_name: 'Chapeau note de musique UPD',
      product_ispublished: true,
      product_isarchived: false,
      product_status: 'approved',
      product_iswishlist: false,
      product_isremoved: false,
      variant_name: '',
      price: 2000,
      stock: 0,
      product_pictures: '/files/1dghz001ir51d/1dghz001ai51d-sj.png,/files/1dghz001ir51d/1mo6p001ra51d-rl.jpg',
      variant_pictures: null,
      brand: null,
      linker: 'chapeau-note-de-musique-upd',
      reference: null,
      quantity: 1,
      attributes: '',
      url: '#item1dghz001ir51d'
    },
    {
      id: '1c1jc001ax51d1lo9g004hn50d',
      eshopid: '1chg3001mw51d',
      eshopname: 'City swagg Burkina',
      productname: 'Adidas Campis 00s',
      productname_en: 'Adidas Campis 00s',
      productid: '1lo99001hn51d',
      variantid: '1lo9g004hn50d',
      count: 1,
      dtupdated: null,
      isvariant: true,
      dtcreated: 2025-04-09T14:09:13.865Z,
      product_name: 'Adidas Campis 00s',
      product_ispublished: true,
      product_isarchived: false,
      product_status: 'approved',
      product_iswishlist: false,
      product_isremoved: false,
      variant_name: 'Adidas Campis 00s Couleur: Jaunesize fr: XXLMoana Frye: Noir',
      price: 15000,
      stock: 0,
      product_pictures: '/files/1lo99001hn51d/1lo9g001ra51d-re.jpg,/files/1lo99001hn51d/1lo9g005ra51d-ri.jpg,/files/1lo99001hn51d/1lo9g006ra50d-ri.jpg,/files/1lo99001hn51d/1lo9g007ra51d-rk.jpg,/files/1lo99001hn51d/1lo9g008ra50d-rk.jpg,/files/1lo99001hn51d/1lo9g009ra51d-rm.jpg,/files/1lo99001hn51d/1lo9g010ra50d-rd.jpg,/files/1lo99001hn51d/1lo9g011ra51d-rf.jpg,/files/1lo99001hn51d/1lo9g012ra50d-rf.jpg,/files/1lo99001hn51d/1lo9g013ra51d-rh.jpg,/files/1lo99001hn51d/1lo9g014ra50d-rh.jpg,/files/1lo99001hn51d/1lo9g015ra51d-rj.jpg,/files/1lo99001hn51d/1lo9g016ra50d-rj.jpg,/files/1lo99001hn51d/1lo9g002ra50d-re.jpg,/files/1lo99001hn51d/1lo9g003ra51d-rg.jpg,/files/1lo99001hn51d/1lo9g004ra50d-rg.jpg',
      variant_pictures: '/files/1lo99001hn51d/1lo9g011ra51d-rf.jpg,/files/1lo99001hn51d/1lo9g012ra50d-rf.jpg,/files/1lo99001hn51d/1lo9g013ra51d-rh.jpg',
      brand: null,
      linker: 'adidas-campis-00s',
      reference: null,
      quantity: 1,
      attributes: [Object],
      url: '#item1lo99001hn51d'
    },
    {
      id: '1c1jc001ax51d1dqsw002wn50d',
      eshopid: '1cez8001an51d',
      eshopname: 'Happy Gift 3',
      productname: 'Ensemble Shirt Culotte de sortie UPD',
      productname_en: 'Ensemble Shirt Culotte de sortie',
      productid: '1dqsq001wn51d',
      variantid: '1dqsw002wn50d',
      count: 5,
      dtupdated: 2025-04-17T14:10:08.595Z,
      isvariant: true,
      dtcreated: 2025-04-14T15:12:30.521Z,
      product_name: 'Ensemble Shirt Culotte de sortie UPD',
      product_ispublished: true,
      product_isarchived: false,
      product_status: 'approved',
      product_iswishlist: false,
      product_isremoved: false,
      variant_name: 'Ensemble Shirt Culotte de sortie Couleur: Noir, Blacktaille: 32, 32size fr: X, X',
      price: 15000,
      stock: 0,
      product_pictures: '/files/1dqsq001wn51d/1dqsw001ai51d-t1.jpg,/files/1dqsq001wn51d/1dqsw002ai50d-t1.jpg,/files/1dqsq001wn51d/1dqsw003ai51d-t3.jpg,/files/1dqsq001wn51d/1dqsw004ai50d-t3.jpg,/files/1dqsq001wn51d/1dqsw005ai51d-t5.jpg,/files/1dqsq001wn51d/1dqsw006ai50d-t5.jpg,/files/1dqsq001wn51d/1dqsw007ai51d-t7.jpg,/files/1dqsq001wn51d/1dqsw008ai50d-t7.jpg,/files/1dqsq001wn51d/1dqsw009ai51d-t9.jpg,/files/1dqsq001wn51d/1dqsw010ai50d-t0.jpg,/files/1dqsq001wn51d/1dqsw011ai51d-t2.jpg,/files/1dqsq001wn51d/1dqsw012ai50d-t2.jpg,/files/1dqsq001wn51d/1dqsw013ai51d-t4.jpg,/files/1dqsq001wn51d/1dqsw014ai50d-t4.jpg,/files/1dqsq001wn51d/1dqsw015ai51d-t6.jpg,/files/1dqsq001wn51d/1dqsw016ai50d-t6.jpg,/files/1dqsq001wn51d/1dqsw017ai51d-t8.jpg,/files/1dqsq001wn51d/1dqsw018ai50d-t8.jpg',
      variant_pictures: '/files/1dqsq001wn51d/1dqsw001ai51d-t1.jpg,/files/1dqsq001wn51d/1dqsw002ai50d-t1.jpg,/files/1dqsq001wn51d/1dqsw003ai51d-t3.jpg,/files/1dqsq001wn51d/1dqsw004ai50d-t3.jpg',
      brand: null,
      linker: 'ensemble-shirt-culotte-de-sortie-upd',
      reference: null,
      quantity: 6,
      attributes: [Object],
      url: '#item1dqsq001wn51d'
    },
    {
      id: '1c1jc001ax51d1dgi3001ir51d',
      eshopid: '1chg3001mw51d',
      eshopname: 'City swagg Burkina',
      productname: 'Chapeau avec boucles sur la snap',
      productname_en: 'Chapeau avec boucles sur la snap',
      productid: '1dgi3001ir51d',
      variantid: '1n2mk001nb51d',
      count: 4,
      dtupdated: 2025-04-17T14:10:08.595Z,
      isvariant: true,
      dtcreated: 2025-04-16T12:11:39.867Z,
      product_name: 'Chapeau avec boucles sur la snap',
      product_ispublished: true,
      product_isarchived: false,
      product_status: 'pending',
      product_iswishlist: false,
      product_isremoved: false,
      variant_name: 'Chapeau avec boucles sur la snap Couleur: Noir',
      price: 3000,
      stock: 0,
      product_pictures: '/files/1dgi3001ir51d/1dgi4001ai51d-qm.png,/files/1dgi3001ir51d/1n2ml001ys51d-s1.jpg',
      variant_pictures: '/files/1dgi3001ir51d/1dgi4001ai51d-qm.png',
      brand: null,
      linker: 'chapeau-avec-boucles-sur-la-snap',
      reference: null,
      quantity: 4,
      attributes: [Object],
      url: '#item1dgi3001ir51d'
    },
    {
      id: '1c1jc001ax51d1lode002hn50d',
      eshopid: '1chg3001mw51d',
      eshopname: 'City swagg Burkina',
      productname: 'Ceinture pour femme',
      productname_en: 'Ceinture pour femme',
      productid: '1loda001hn51d',
      variantid: '1lode002hn50d',
      count: 3,
      dtupdated: null,
      isvariant: true,
      dtcreated: 2025-04-16T12:11:39.867Z,
      product_name: 'Ceinture pour femme',
      product_ispublished: false,
      product_isarchived: true,
      product_status: 'approved',
      product_iswishlist: false,
      product_isremoved: false,
      variant_name: 'Ceinture pour femme size fr: XLCouleur: NoirMaxine Crosby: 32',
      price: 2500,
      stock: 0,
      product_pictures: '/files/1loda001hn51d/1lorh001ra51d-t0.jpg,/files/1loda001hn51d/1lodf003ra51d-sm.jpg,/files/1loda001hn51d/1lorj001ra51d-t2.jpg,/files/1loda001hn51d/1lodf005ra51d-so.jpg,/files/1loda001hn51d/1lodf004ra50d-sm.jpg,/files/1loda001hn51d/1lodf002ra50d-sk.jpg',
      variant_pictures: '/files/1loda001hn51d/1lorj001ra51d-t2.jpg,/files/1loda001hn51d/1lodf005ra51d-so.jpg',
      brand: null,
      linker: 'ceinture-pour-femme',
      reference: null,
      quantity: 3,
      attributes: [Object],
      url: '#item1loda001hn51d'
    },
    {
      id: '1c1jc001ax51d1lorr001hn51d',
      eshopid: '1chg3001mw51d',
      eshopname: 'City swagg Burkina',
      productname: 'T-shirt manche courte',
      productname_en: 'T-shirt manche courte',
      productid: '1dglw001ir51d',
      variantid: '1lorr001hn51d',
      count: 6,
      dtupdated: 2025-04-17T14:10:08.595Z,
      isvariant: true,
      dtcreated: 2025-04-16T12:11:39.867Z,
      product_name: 'T-shirt manche courte',
      product_ispublished: true,
      product_isarchived: false,
      product_status: 'approved',
      product_iswishlist: false,
      product_isremoved: false,
      variant_name: 'T-shirt manche courte Couleur: Noirtaille: 33',
      price: 6000,
      stock: 0,
      product_pictures: '/files/1dglw001ir51d/1luqq001ra51d-te.jpg,/files/1dglw001ir51d/1loms003ra51d-t8.jpg,/files/1dglw001ir51d/1lorq001ra51d-t9.jpg,/files/1dglw001ir51d/1lorq002ra50d-t9.jpg,/files/1dglw001ir51d/1lors001ra51d-tb.jpg,/files/1dglw001ir51d/1lors002ra50d-tb.jpg,/files/1dglw001ir51d/1lors003ra51d-td.jpg',
      variant_pictures: '/files/1dglw001ir51d/1loms003ra51d-t8.jpg,/files/1dglw001ir51d/1lorq001ra51d-t9.jpg,/files/1dglw001ir51d/1lorq002ra50d-t9.jpg',
      brand: null,
      linker: 't-shirt-manche-courte',
      reference: null,
      quantity: 7,
      attributes: [Object],
      url: '#item1dglw001ir51d'
    }
  ],
  price: '147500.00',
  count: 20,
  weight: 0,
  shipping: 0,
  pricemin: 1,
  total: 147500,
  credits: 0,
  balance: 0,
  discount: 0,
  orderable: false,
  outofstock: true
}
--- UPD --- [ 2025-05-01 03:15:37 ] --------> /definitions/service.js
Fetching data from:  https://api.muald.com/recommendation/call/?call=Customers/Cart --> usercart&token=9alZxj9ny1irOtjB3mFmkCjaYo9CjaZ6k5x&params=id_1c1jc001ax51d&user=id_1c1jc001ax51d
CONNECTED TO REDIS SERVER!
{
  items: [
    {
      id: '1c1jc001ax51d1dghz001ir51d',
      eshopid: '1chg3001mw51d',
      eshopname: 'City swagg Burkina',
      productname: 'Chapeau note de musique',
      productname_en: 'Chapeau note de musique',
      productid: '1dghz001ir51d',
      variantid: null,
      count: 1,
      dtupdated: 2025-02-17T18:53:50.578Z,
      isvariant: false,
      dtcreated: 2025-01-18T23:30:51.236Z,
      product_name: 'Chapeau note de musique UPD',
      product_ispublished: true,
      product_isarchived: false,
      product_status: 'approved',
      product_iswishlist: false,
      product_isremoved: false,
      variant_name: '',
      price: 2000,
      stock: 0,
      product_pictures: '/files/1dghz001ir51d/1dghz001ai51d-sj.png,/files/1dghz001ir51d/1mo6p001ra51d-rl.jpg',
      variant_pictures: null,
      brand: null,
      linker: 'chapeau-note-de-musique-upd',
      reference: null,
      quantity: 1,
      attributes: '',
      url: '#item1dghz001ir51d'
    },
    {
      id: '1c1jc001ax51d1lo9g004hn50d',
      eshopid: '1chg3001mw51d',
      eshopname: 'City swagg Burkina',
      productname: 'Adidas Campis 00s',
      productname_en: 'Adidas Campis 00s',
      productid: '1lo99001hn51d',
      variantid: '1lo9g004hn50d',
      count: 1,
      dtupdated: null,
      isvariant: true,
      dtcreated: 2025-04-09T14:09:13.865Z,
      product_name: 'Adidas Campis 00s',
      product_ispublished: true,
      product_isarchived: false,
      product_status: 'approved',
      product_iswishlist: false,
      product_isremoved: false,
      variant_name: 'Adidas Campis 00s Couleur: Jaunesize fr: XXLMoana Frye: Noir',
      price: 15000,
      stock: 0,
      product_pictures: '/files/1lo99001hn51d/1lo9g001ra51d-re.jpg,/files/1lo99001hn51d/1lo9g005ra51d-ri.jpg,/files/1lo99001hn51d/1lo9g006ra50d-ri.jpg,/files/1lo99001hn51d/1lo9g007ra51d-rk.jpg,/files/1lo99001hn51d/1lo9g008ra50d-rk.jpg,/files/1lo99001hn51d/1lo9g009ra51d-rm.jpg,/files/1lo99001hn51d/1lo9g010ra50d-rd.jpg,/files/1lo99001hn51d/1lo9g011ra51d-rf.jpg,/files/1lo99001hn51d/1lo9g012ra50d-rf.jpg,/files/1lo99001hn51d/1lo9g013ra51d-rh.jpg,/files/1lo99001hn51d/1lo9g014ra50d-rh.jpg,/files/1lo99001hn51d/1lo9g015ra51d-rj.jpg,/files/1lo99001hn51d/1lo9g016ra50d-rj.jpg,/files/1lo99001hn51d/1lo9g002ra50d-re.jpg,/files/1lo99001hn51d/1lo9g003ra51d-rg.jpg,/files/1lo99001hn51d/1lo9g004ra50d-rg.jpg',
      variant_pictures: '/files/1lo99001hn51d/1lo9g011ra51d-rf.jpg,/files/1lo99001hn51d/1lo9g012ra50d-rf.jpg,/files/1lo99001hn51d/1lo9g013ra51d-rh.jpg',
      brand: null,
      linker: 'adidas-campis-00s',
      reference: null,
      quantity: 1,
      attributes: [Object],
      url: '#item1lo99001hn51d'
    },
    {
      id: '1c1jc001ax51d1dqsw002wn50d',
      eshopid: '1cez8001an51d',
      eshopname: 'Happy Gift 3',
      productname: 'Ensemble Shirt Culotte de sortie UPD',
      productname_en: 'Ensemble Shirt Culotte de sortie',
      productid: '1dqsq001wn51d',
      variantid: '1dqsw002wn50d',
      count: 5,
      dtupdated: 2025-04-17T14:10:08.595Z,
      isvariant: true,
      dtcreated: 2025-04-14T15:12:30.521Z,
      product_name: 'Ensemble Shirt Culotte de sortie UPD',
      product_ispublished: true,
      product_isarchived: false,
      product_status: 'approved',
      product_iswishlist: false,
      product_isremoved: false,
      variant_name: 'Ensemble Shirt Culotte de sortie Couleur: Noir, Blacktaille: 32, 32size fr: X, X',
      price: 15000,
      stock: 0,
      product_pictures: '/files/1dqsq001wn51d/1dqsw001ai51d-t1.jpg,/files/1dqsq001wn51d/1dqsw002ai50d-t1.jpg,/files/1dqsq001wn51d/1dqsw003ai51d-t3.jpg,/files/1dqsq001wn51d/1dqsw004ai50d-t3.jpg,/files/1dqsq001wn51d/1dqsw005ai51d-t5.jpg,/files/1dqsq001wn51d/1dqsw006ai50d-t5.jpg,/files/1dqsq001wn51d/1dqsw007ai51d-t7.jpg,/files/1dqsq001wn51d/1dqsw008ai50d-t7.jpg,/files/1dqsq001wn51d/1dqsw009ai51d-t9.jpg,/files/1dqsq001wn51d/1dqsw010ai50d-t0.jpg,/files/1dqsq001wn51d/1dqsw011ai51d-t2.jpg,/files/1dqsq001wn51d/1dqsw012ai50d-t2.jpg,/files/1dqsq001wn51d/1dqsw013ai51d-t4.jpg,/files/1dqsq001wn51d/1dqsw014ai50d-t4.jpg,/files/1dqsq001wn51d/1dqsw015ai51d-t6.jpg,/files/1dqsq001wn51d/1dqsw016ai50d-t6.jpg,/files/1dqsq001wn51d/1dqsw017ai51d-t8.jpg,/files/1dqsq001wn51d/1dqsw018ai50d-t8.jpg',
      variant_pictures: '/files/1dqsq001wn51d/1dqsw001ai51d-t1.jpg,/files/1dqsq001wn51d/1dqsw002ai50d-t1.jpg,/files/1dqsq001wn51d/1dqsw003ai51d-t3.jpg,/files/1dqsq001wn51d/1dqsw004ai50d-t3.jpg',
      brand: null,
      linker: 'ensemble-shirt-culotte-de-sortie-upd',
      reference: null,
      quantity: 6,
      attributes: [Object],
      url: '#item1dqsq001wn51d'
    },
    {
      id: '1c1jc001ax51d1dgi3001ir51d',
      eshopid: '1chg3001mw51d',
      eshopname: 'City swagg Burkina',
      productname: 'Chapeau avec boucles sur la snap',
      productname_en: 'Chapeau avec boucles sur la snap',
      productid: '1dgi3001ir51d',
      variantid: '1n2mk001nb51d',
      count: 4,
      dtupdated: 2025-04-17T14:10:08.595Z,
      isvariant: true,
      dtcreated: 2025-04-16T12:11:39.867Z,
      product_name: 'Chapeau avec boucles sur la snap',
      product_ispublished: true,
      product_isarchived: false,
      product_status: 'pending',
      product_iswishlist: false,
      product_isremoved: false,
      variant_name: 'Chapeau avec boucles sur la snap Couleur: Noir',
      price: 3000,
      stock: 0,
      product_pictures: '/files/1dgi3001ir51d/1dgi4001ai51d-qm.png,/files/1dgi3001ir51d/1n2ml001ys51d-s1.jpg',
      variant_pictures: '/files/1dgi3001ir51d/1dgi4001ai51d-qm.png',
      brand: null,
      linker: 'chapeau-avec-boucles-sur-la-snap',
      reference: null,
      quantity: 4,
      attributes: [Object],
      url: '#item1dgi3001ir51d'
    },
    {
      id: '1c1jc001ax51d1lode002hn50d',
      eshopid: '1chg3001mw51d',
      eshopname: 'City swagg Burkina',
      productname: 'Ceinture pour femme',
      productname_en: 'Ceinture pour femme',
      productid: '1loda001hn51d',
      variantid: '1lode002hn50d',
      count: 3,
      dtupdated: null,
      isvariant: true,
      dtcreated: 2025-04-16T12:11:39.867Z,
      product_name: 'Ceinture pour femme',
      product_ispublished: false,
      product_isarchived: true,
      product_status: 'approved',
      product_iswishlist: false,
      product_isremoved: false,
      variant_name: 'Ceinture pour femme size fr: XLCouleur: NoirMaxine Crosby: 32',
      price: 2500,
      stock: 0,
      product_pictures: '/files/1loda001hn51d/1lorh001ra51d-t0.jpg,/files/1loda001hn51d/1lodf003ra51d-sm.jpg,/files/1loda001hn51d/1lorj001ra51d-t2.jpg,/files/1loda001hn51d/1lodf005ra51d-so.jpg,/files/1loda001hn51d/1lodf004ra50d-sm.jpg,/files/1loda001hn51d/1lodf002ra50d-sk.jpg',
      variant_pictures: '/files/1loda001hn51d/1lorj001ra51d-t2.jpg,/files/1loda001hn51d/1lodf005ra51d-so.jpg',
      brand: null,
      linker: 'ceinture-pour-femme',
      reference: null,
      quantity: 3,
      attributes: [Object],
      url: '#item1loda001hn51d'
    },
    {
      id: '1c1jc001ax51d1lorr001hn51d',
      eshopid: '1chg3001mw51d',
      eshopname: 'City swagg Burkina',
      productname: 'T-shirt manche courte',
      productname_en: 'T-shirt manche courte',
      productid: '1dglw001ir51d',
      variantid: '1lorr001hn51d',
      count: 6,
      dtupdated: 2025-04-17T14:10:08.595Z,
      isvariant: true,
      dtcreated: 2025-04-16T12:11:39.867Z,
      product_name: 'T-shirt manche courte',
      product_ispublished: true,
      product_isarchived: false,
      product_status: 'approved',
      product_iswishlist: false,
      product_isremoved: false,
      variant_name: 'T-shirt manche courte Couleur: Noirtaille: 33',
      price: 6000,
      stock: 0,
      product_pictures: '/files/1dglw001ir51d/1luqq001ra51d-te.jpg,/files/1dglw001ir51d/1loms003ra51d-t8.jpg,/files/1dglw001ir51d/1lorq001ra51d-t9.jpg,/files/1dglw001ir51d/1lorq002ra50d-t9.jpg,/files/1dglw001ir51d/1lors001ra51d-tb.jpg,/files/1dglw001ir51d/1lors002ra50d-tb.jpg,/files/1dglw001ir51d/1lors003ra51d-td.jpg',
      variant_pictures: '/files/1dglw001ir51d/1loms003ra51d-t8.jpg,/files/1dglw001ir51d/1lorq001ra51d-t9.jpg,/files/1dglw001ir51d/1lorq002ra50d-t9.jpg',
      brand: null,
      linker: 't-shirt-manche-courte',
      reference: null,
      quantity: 7,
      attributes: [Object],
      url: '#item1dglw001ir51d'
    }
  ],
  price: '147500.00',
  count: 20,
  weight: 0,
  shipping: 0,
  pricemin: 1,
  total: 147500,
  credits: 0,
  balance: 0,
  discount: 0,
  orderable: false,
  outofstock: true
}
--- UPD --- [ 2025-05-01 03:15:55 ] --------> /definitions/service.js
Fetching data from:  https://api.muald.com/recommendation/call/?call=Customers/Cart --> usertags&token=9alZxj9ny1irOtjB3mFmkCjaYo9CjaZ6k5x&params=id_1c1jc001ax51d&user=id_1c1jc001ax51d
CONNECTED TO REDIS SERVER!
{}
--- UPD --- [ 2025-05-01 03:17:12 ] --------> /definitions/service.js
Fetching data from:  https://api.muald.com/recommendation/call/?call=Customer/Cart --> usertags&token=9alZxj9ny1irOtjB3mFmkCjaYo9CjaZ6k5x&params=id_1c1jc001ax51d&user=id_1c1jc001ax51d
CONNECTED TO REDIS SERVER!
{}
--- UPD --- [ 2025-05-01 03:18:10 ] --------> /definitions/service.js
Fetching data from:  https://api.muald.com/recommendation/call/?call=Customers --> userfollowings&token=9alZxj9ny1irOtjB3mFmkCjaYo9CjaZ6k5x&params=id_1c1jc001ax51d&user=id_1c1jc001ax51d
CONNECTED TO REDIS SERVER!
[
  {
    id: '1cnqj001jp51d',
    name: 'yhigkkhfyihbh',
    slogan: 'dugjdufibocibif icifi',
    email: 'wpuvjhr@telegmail.com',
    phone: '+2256664626070',
    logo: '',
    cover: '',
    description: 'cudivofjvk  ikgi ifutouti7r87r8c  ruf8r urug'
  },
  {
    id: '1ce2b001an51d',
    name: 'Bang && Offusen',
    slogan: 'The All in One Shop in Burkina Faso',
    email: 'yoni@muald.com',
    phone: '+22677293939',
    logo: '/files/1ce2b001an51d/1fk97001ai51d-pj.jpg',
    cover: '/files/1ce2b001an51d/1fk97002ai50d-pj.jpg',
    description: 'We are getting you closer to the IT, Stay tuned to get all our inedit offers on the best computers, phone and accessories.'
  }
]
--- UPD --- [ 2025-05-01 08:06:19 ] --------> config
Fetching data from:  https://api.muald.com/schemas/call/?call=Customers --> userfollowings&token=9alZxj9ny1irOtjB3mFmkCjaYo9CjaZ6k5x&params=id_1c1jc001ax51d&user=id_1c1jc001ax51d
CONNECTED TO REDIS SERVER!
[
  {
    id: '1ce2b001an51d',
    name: 'Bang && Offusen',
    slogan: 'The All in One Shop in Burkina Faso',
    email: 'yoni@muald.com',
    phone: '+22677293939',
    logo: '/files/1ce2b001an51d/1fk97001ai51d-pj.jpg',
    cover: '/files/1ce2b001an51d/1fk97002ai50d-pj.jpg',
    description: 'We are getting you closer to the IT, Stay tuned to get all our inedit offers on the best computers, phone and accessories.'
  },
  {
    id: '1cnqj001jp51d',
    name: 'yhigkkhfyihbh',
    slogan: 'dugjdufibocibif icifi',
    email: 'wpuvjhr@telegmail.com',
    phone: '+2256664626070',
    logo: '',
    cover: '',
    description: 'cudivofjvk  ikgi ifutouti7r87r8c  ruf8r urug'
  }
]
--- ADD --- [ 2025-05-01 08:07:08 ] --------> /controllers/api.js
Fetching data from:  https://api.muald.com/schemas/call/?call=Customers --> userfollowings&token=9alZxj9ny1irOtjB3mFmkCjaYo9CjaZ6k5x&params=id_1c1jc001ax51d&user=id_1c1jc001ax51d
CONNECTED TO REDIS SERVER!
[
  {
    id: '1ce2b001an51d',
    name: 'Bang && Offusen',
    slogan: 'The All in One Shop in Burkina Faso',
    email: 'yoni@muald.com',
    phone: '+22677293939',
    logo: '/files/1ce2b001an51d/1fk97001ai51d-pj.jpg',
    cover: '/files/1ce2b001an51d/1fk97002ai50d-pj.jpg',
    description: 'We are getting you closer to the IT, Stay tuned to get all our inedit offers on the best computers, phone and accessories.'
  },
  {
    id: '1cnqj001jp51d',
    name: 'yhigkkhfyihbh',
    slogan: 'dugjdufibocibif icifi',
    email: 'wpuvjhr@telegmail.com',
    phone: '+2256664626070',
    logo: '',
    cover: '',
    description: 'cudivofjvk  ikgi ifutouti7r87r8c  ruf8r urug'
  }
]
--- UPD --- [ 2025-05-01 08:27:12 ] --------> /controllers/api.js
Fetching data from:  https://api.muald.com/schemas/call/?call=Customers --> userfollowings&token=9alZxj9ny1irOtjB3mFmkCjaYo9CjaZ6k5x&params=id_1c1jc001ax51d&user=id_1c1jc001ax51d
CONNECTED TO REDIS SERVER!
[
  {
    id: '1cnqj001jp51d',
    name: 'yhigkkhfyihbh',
    slogan: 'dugjdufibocibif icifi',
    email: 'wpuvjhr@telegmail.com',
    phone: '+2256664626070',
    logo: '',
    cover: '',
    description: 'cudivofjvk  ikgi ifutouti7r87r8c  ruf8r urug'
  },
  {
    id: '1ce2b001an51d',
    name: 'Bang && Offusen',
    slogan: 'The All in One Shop in Burkina Faso',
    email: 'yoni@muald.com',
    phone: '+22677293939',
    logo: '/files/1ce2b001an51d/1fk97001ai51d-pj.jpg',
    cover: '/files/1ce2b001an51d/1fk97002ai50d-pj.jpg',
    description: 'We are getting you closer to the IT, Stay tuned to get all our inedit offers on the best computers, phone and accessories.'
  }
]
--- ADD --- [ 2025-05-01 08:28:13 ] --------> /schemas/tracking.js
Fetching data from:  https://api.muald.com/schemas/call/?call=Customers --> userfollowings&token=9alZxj9ny1irOtjB3mFmkCjaYo9CjaZ6k5x&params=id_1c1jc001ax51d&user=id_1c1jc001ax51d
CONNECTED TO REDIS SERVER!
[
  {
    id: '1cnqj001jp51d',
    name: 'yhigkkhfyihbh',
    slogan: 'dugjdufibocibif icifi',
    email: 'wpuvjhr@telegmail.com',
    phone: '+2256664626070',
    logo: '',
    cover: '',
    description: 'cudivofjvk  ikgi ifutouti7r87r8c  ruf8r urug'
  },
  {
    id: '1ce2b001an51d',
    name: 'Bang && Offusen',
    slogan: 'The All in One Shop in Burkina Faso',
    email: 'yoni@muald.com',
    phone: '+22677293939',
    logo: '/files/1ce2b001an51d/1fk97001ai51d-pj.jpg',
    cover: '/files/1ce2b001an51d/1fk97002ai50d-pj.jpg',
    description: 'We are getting you closer to the IT, Stay tuned to get all our inedit offers on the best computers, phone and accessories.'
  }
]
--- UPD --- [ 2025-05-01 08:39:10 ] --------> /schemas/tracking.js
Fetching data from:  https://api.muald.com/schemas/call/?call=Customers --> userfollowings&token=9alZxj9ny1irOtjB3mFmkCjaYo9CjaZ6k5x&params=id_1c1jc001ax51d&user=id_1c1jc001ax51d
CONNECTED TO REDIS SERVER!
[
  {
    id: '1cnqj001jp51d',
    name: 'yhigkkhfyihbh',
    slogan: 'dugjdufibocibif icifi',
    email: 'wpuvjhr@telegmail.com',
    phone: '+2256664626070',
    logo: '',
    cover: '',
    description: 'cudivofjvk  ikgi ifutouti7r87r8c  ruf8r urug'
  },
  {
    id: '1ce2b001an51d',
    name: 'Bang && Offusen',
    slogan: 'The All in One Shop in Burkina Faso',
    email: 'yoni@muald.com',
    phone: '+22677293939',
    logo: '/files/1ce2b001an51d/1fk97001ai51d-pj.jpg',
    cover: '/files/1ce2b001an51d/1fk97002ai50d-pj.jpg',
    description: 'We are getting you closer to the IT, Stay tuned to get all our inedit offers on the best computers, phone and accessories.'
  }
]
--- UPD --- [ 2025-05-01 08:40:41 ] --------> /controllers/api.js
Fetching data from:  https://api.muald.com/schemas/call/?call=Customers --> userfollowings&token=9alZxj9ny1irOtjB3mFmkCjaYo9CjaZ6k5x&params=id_1c1jc001ax51d&user=id_1c1jc001ax51d
CONNECTED TO REDIS SERVER!
[
  {
    id: '1cnqj001jp51d',
    name: 'yhigkkhfyihbh',
    slogan: 'dugjdufibocibif icifi',
    email: 'wpuvjhr@telegmail.com',
    phone: '+2256664626070',
    logo: '',
    cover: '',
    description: 'cudivofjvk  ikgi ifutouti7r87r8c  ruf8r urug'
  },
  {
    id: '1ce2b001an51d',
    name: 'Bang && Offusen',
    slogan: 'The All in One Shop in Burkina Faso',
    email: 'yoni@muald.com',
    phone: '+22677293939',
    logo: '/files/1ce2b001an51d/1fk97001ai51d-pj.jpg',
    cover: '/files/1ce2b001an51d/1fk97002ai50d-pj.jpg',
    description: 'We are getting you closer to the IT, Stay tuned to get all our inedit offers on the best computers, phone and accessories.'
  }
]
--- UPD --- [ 2025-05-01 08:41:59 ] --------> /controllers/api.js
Fetching data from:  https://api.muald.com/schemas/call/?call=Customers --> userfollowings&token=9alZxj9ny1irOtjB3mFmkCjaYo9CjaZ6k5x&params=id_1c1jc001ax51d&user=id_1c1jc001ax51d
CONNECTED TO REDIS SERVER!
[
  {
    id: '1cnqj001jp51d',
    name: 'yhigkkhfyihbh',
    slogan: 'dugjdufibocibif icifi',
    email: 'wpuvjhr@telegmail.com',
    phone: '+2256664626070',
    logo: '',
    cover: '',
    description: 'cudivofjvk  ikgi ifutouti7r87r8c  ruf8r urug'
  },
  {
    id: '1ce2b001an51d',
    name: 'Bang && Offusen',
    slogan: 'The All in One Shop in Burkina Faso',
    email: 'yoni@muald.com',
    phone: '+22677293939',
    logo: '/files/1ce2b001an51d/1fk97001ai51d-pj.jpg',
    cover: '/files/1ce2b001an51d/1fk97002ai50d-pj.jpg',
    description: 'We are getting you closer to the IT, Stay tuned to get all our inedit offers on the best computers, phone and accessories.'
  }
]
--- UPD --- [ 2025-05-01 08:44:07 ] --------> /controllers/api.js
Fetching data from:  https://api.muald.com/schemas/call/?call=Customers --> userfollowings&token=9alZxj9ny1irOtjB3mFmkCjaYo9CjaZ6k5x&params=id_1c1jc001ax51d&user=id_1c1jc001ax51d
CONNECTED TO REDIS SERVER!
[
  {
    id: '1cnqj001jp51d',
    name: 'yhigkkhfyihbh',
    slogan: 'dugjdufibocibif icifi',
    email: 'wpuvjhr@telegmail.com',
    phone: '+2256664626070',
    logo: '',
    cover: '',
    description: 'cudivofjvk  ikgi ifutouti7r87r8c  ruf8r urug'
  },
  {
    id: '1ce2b001an51d',
    name: 'Bang && Offusen',
    slogan: 'The All in One Shop in Burkina Faso',
    email: 'yoni@muald.com',
    phone: '+22677293939',
    logo: '/files/1ce2b001an51d/1fk97001ai51d-pj.jpg',
    cover: '/files/1ce2b001an51d/1fk97002ai50d-pj.jpg',
    description: 'We are getting you closer to the IT, Stay tuned to get all our inedit offers on the best computers, phone and accessories.'
  }
]
--- ADD --- [ 2025-05-01 08:45:11 ] --------> /schemas/recommendation.js
Fetching data from:  https://api.muald.com/schemas/call/?call=Customers --> userfollowings&token=9alZxj9ny1irOtjB3mFmkCjaYo9CjaZ6k5x&params=id_1c1jc001ax51d&user=id_1c1jc001ax51d
CONNECTED TO REDIS SERVER!
[
  {
    id: '1cnqj001jp51d',
    name: 'yhigkkhfyihbh',
    slogan: 'dugjdufibocibif icifi',
    email: 'wpuvjhr@telegmail.com',
    phone: '+2256664626070',
    logo: '',
    cover: '',
    description: 'cudivofjvk  ikgi ifutouti7r87r8c  ruf8r urug'
  },
  {
    id: '1ce2b001an51d',
    name: 'Bang && Offusen',
    slogan: 'The All in One Shop in Burkina Faso',
    email: 'yoni@muald.com',
    phone: '+22677293939',
    logo: '/files/1ce2b001an51d/1fk97001ai51d-pj.jpg',
    cover: '/files/1ce2b001an51d/1fk97002ai50d-pj.jpg',
    description: 'We are getting you closer to the IT, Stay tuned to get all our inedit offers on the best computers, phone and accessories.'
  }
]
--- UPD --- [ 2025-05-01 08:47:32 ] --------> /schemas/recommendation.js
Fetching data from:  https://api.muald.com/schemas/call/?call=Customers --> userfollowings&token=9alZxj9ny1irOtjB3mFmkCjaYo9CjaZ6k5x&params=id_1c1jc001ax51d&user=id_1c1jc001ax51d
CONNECTED TO REDIS SERVER!
[
  {
    id: '1cnqj001jp51d',
    name: 'yhigkkhfyihbh',
    slogan: 'dugjdufibocibif icifi',
    email: 'wpuvjhr@telegmail.com',
    phone: '+2256664626070',
    logo: '',
    cover: '',
    description: 'cudivofjvk  ikgi ifutouti7r87r8c  ruf8r urug'
  },
  {
    id: '1ce2b001an51d',
    name: 'Bang && Offusen',
    slogan: 'The All in One Shop in Burkina Faso',
    email: 'yoni@muald.com',
    phone: '+22677293939',
    logo: '/files/1ce2b001an51d/1fk97001ai51d-pj.jpg',
    cover: '/files/1ce2b001an51d/1fk97002ai50d-pj.jpg',
    description: 'We are getting you closer to the IT, Stay tuned to get all our inedit offers on the best computers, phone and accessories.'
  }
]
